2024-11-13 11:35:47,547 - INFO - 
Epoch 1/3
2024-11-13 11:40:32,890 - INFO - 
Epoch 1/3
2024-11-13 11:46:01,681 - INFO - 
Epoch 1/3
2024-11-13 11:55:07,673 - INFO - 
Epoch 1/3
2024-11-13 11:57:08,170 - INFO - 
Epoch 1/3
2024-11-13 13:19:14,853 - INFO - 
Metrics:
2024-11-13 13:19:14,856 - INFO - train_loss: 3.6265
2024-11-13 13:19:14,856 - INFO - train_answerability_f1: 0.0011
2024-11-13 13:19:14,856 - INFO - train_impossible_f1: 0.0003
2024-11-13 13:19:14,856 - INFO - exact_match: 0.5192
2024-11-13 13:19:14,856 - INFO - impossible_accuracy: 0.7339
2024-11-13 13:19:14,856 - INFO - answerable_accuracy: 0.3040
2024-11-13 13:19:14,856 - INFO - val_loss: 2.9143
2024-11-13 13:32:36,296 - INFO - 
Epoch 1/3
2024-11-13 15:10:37,567 - INFO - 
Metrics:
2024-11-13 15:10:37,570 - INFO - train_loss: 3.4765
2024-11-13 15:10:37,570 - INFO - train_answerability_f1: 0.0010
2024-11-13 15:10:37,570 - INFO - train_impossible_f1: 0.0004
2024-11-13 15:10:37,570 - INFO - exact_match: 0.5039
2024-11-13 15:10:37,570 - INFO - answerable_accuracy: 0.3455
2024-11-13 15:10:37,570 - INFO - impossible_accuracy: 0.6619
2024-11-13 15:10:37,570 - INFO - overall_accuracy: 0.5039
2024-11-13 15:10:37,570 - INFO - impossible_precision: 0.7427
2024-11-13 15:10:37,570 - INFO - impossible_recall: 0.6619
2024-11-13 15:10:37,571 - INFO - impossible_f1: 0.7000
2024-11-13 15:10:37,571 - INFO - val_loss: 2.9637
2024-11-13 15:10:39,016 - INFO - New best accuracy: 0.3455
2024-11-13 15:10:40,262 - INFO - Epoch 1 metrics:
2024-11-13 15:10:40,263 - INFO - Train loss: 3.4765
2024-11-13 15:10:40,263 - INFO - Validation metrics:
2024-11-13 15:10:40,263 - INFO - exact_match: 0.5039
2024-11-13 15:10:40,263 - INFO - answerable_accuracy: 0.3455
2024-11-13 15:10:40,263 - INFO - impossible_accuracy: 0.6619
2024-11-13 15:10:40,263 - INFO - overall_accuracy: 0.5039
2024-11-13 15:10:40,263 - INFO - impossible_precision: 0.7427
2024-11-13 15:10:40,263 - INFO - impossible_recall: 0.6619
2024-11-13 15:10:40,263 - INFO - impossible_f1: 0.7000
2024-11-13 15:10:40,263 - INFO - val_loss: 2.9637
2024-11-13 15:10:40,263 - INFO - 
Epoch 2/3
2024-11-13 16:33:43,152 - INFO - 
Metrics:
2024-11-13 16:33:43,154 - INFO - train_loss: 1.8453
2024-11-13 16:33:43,154 - INFO - train_answerability_f1: 0.0004
2024-11-13 16:33:43,154 - INFO - train_impossible_f1: 0.0000
2024-11-13 16:33:43,155 - INFO - exact_match: 0.4845
2024-11-13 16:33:43,155 - INFO - answerable_accuracy: 0.4140
2024-11-13 16:33:43,155 - INFO - impossible_accuracy: 0.5548
2024-11-13 16:33:43,155 - INFO - overall_accuracy: 0.4845
2024-11-13 16:33:43,155 - INFO - impossible_precision: 0.7930
2024-11-13 16:33:43,155 - INFO - impossible_recall: 0.5548
2024-11-13 16:33:43,155 - INFO - impossible_f1: 0.6528
2024-11-13 16:33:43,155 - INFO - val_loss: 4.2653
2024-11-13 16:33:45,837 - INFO - New best accuracy: 0.4140
2024-11-13 16:33:47,113 - INFO - Epoch 2 metrics:
2024-11-13 16:33:47,114 - INFO - Train loss: 1.8453
2024-11-13 16:33:47,114 - INFO - Validation metrics:
2024-11-13 16:33:47,114 - INFO - exact_match: 0.4845
2024-11-13 16:33:47,114 - INFO - answerable_accuracy: 0.4140
2024-11-13 16:33:47,114 - INFO - impossible_accuracy: 0.5548
2024-11-13 16:33:47,114 - INFO - overall_accuracy: 0.4845
2024-11-13 16:33:47,114 - INFO - impossible_precision: 0.7930
2024-11-13 16:33:47,114 - INFO - impossible_recall: 0.5548
2024-11-13 16:33:47,114 - INFO - impossible_f1: 0.6528
2024-11-13 16:33:47,114 - INFO - val_loss: 4.2653
2024-11-13 16:33:47,114 - INFO - 
Epoch 3/3
2024-11-13 17:57:51,725 - INFO - 
Metrics:
2024-11-13 17:57:51,727 - INFO - train_loss: 1.1839
2024-11-13 17:57:51,727 - INFO - train_answerability_f1: 0.0002
2024-11-13 17:57:51,727 - INFO - train_impossible_f1: 0.0000
2024-11-13 17:57:51,727 - INFO - exact_match: 0.5032
2024-11-13 17:57:51,727 - INFO - answerable_accuracy: 0.4204
2024-11-13 17:57:51,727 - INFO - impossible_accuracy: 0.5859
2024-11-13 17:57:51,727 - INFO - overall_accuracy: 0.5032
2024-11-13 17:57:51,727 - INFO - impossible_precision: 0.8113
2024-11-13 17:57:51,727 - INFO - impossible_recall: 0.5859
2024-11-13 17:57:51,727 - INFO - impossible_f1: 0.6804
2024-11-13 17:57:51,727 - INFO - val_loss: 4.7789
2024-11-13 17:57:53,239 - INFO - New best accuracy: 0.4204
2024-11-13 17:57:54,419 - INFO - Epoch 3 metrics:
2024-11-13 17:57:54,419 - INFO - Train loss: 1.1839
2024-11-13 17:57:54,419 - INFO - Validation metrics:
2024-11-13 17:57:54,419 - INFO - exact_match: 0.5032
2024-11-13 17:57:54,419 - INFO - answerable_accuracy: 0.4204
2024-11-13 17:57:54,419 - INFO - impossible_accuracy: 0.5859
2024-11-13 17:57:54,419 - INFO - overall_accuracy: 0.5032
2024-11-13 17:57:54,419 - INFO - impossible_precision: 0.8113
2024-11-13 17:57:54,419 - INFO - impossible_recall: 0.5859
2024-11-13 17:57:54,419 - INFO - impossible_f1: 0.6804
2024-11-13 17:57:54,419 - INFO - val_loss: 4.7789

Evaluation Summary:
==================================================
Overall Accuracy: 56.20%
Answerable Accuracy: 53.81%
Impossible Accuracy: 58.59%
Average Similarity: 66.64%

Error Distribution:
false_positive: 20.71%
correct_impossible: 29.29%
partial_match: 6.64%
correct_answer: 26.90%
wrong_answer: 7.96%
empty_prediction: 1.68%
false_negative: 6.81%